NTT Market Verification Test Log - Wed Aug 27 11:11:37 PM +07 2025
===============================================

Test: Homepage Stats
Expected: 200, Got: 200
Response body: {"cafes":"4","customers":"1K+","orders":"5K+"}...

Test: Public Businesses List
Expected: 200, Got: 200
Response body: {"success":true,"businesses":[]}...

Test: All Public Businesses
Expected: 200, Got: 200
Response body: {"success":true,"businesses":[]}...

Test: User Existence Check
Expected: 200, Got: 200
Response body: {"exists":false,"userType":null}...

Test: Protected Orders Endpoint
Expected: 401, Got: 401
Response body: {"error":"Unauthorized"}...

Test: Stripe Webhook No Signature
Expected: 400, Got: 400
Response body: {"error":"Invalid signature"}...

Test: Order Checkout No Auth
Expected: 401, Got: 401
Response body: {"error":"Unauthorized"}...

Test: Subscription Checkout No Auth
Expected: 401, Got: 401
Response body: {"error":"Unauthorized"}...

Test: Order Refund No Auth
Expected: 401, Got: 401
Response body: {"error":"Unauthorized"}...

Test: Public Reviews
Expected: 200, Got: 200
Response body: {"success":true,"reviews":[]}...

Test: Memberships No Auth
Expected: 401, Got: 401
Response body: {"error":"Unauthorized"}...

Test: Public Ads Ticker
Expected: 200, Got: 200
Response body: {"success":true,"ads":[],"count":0}...

Test: Vouchers No Auth
Expected: 401, Got: 401
Response body: {"error":"Unauthorized"}...

Test: Stripe Webhook Fake Signature
Expected: 400, Got: 400
Response body: {"error":"Invalid signature"}...
